[Mon Mar 17 23:06:02 2025][1635153] To viduary.com@gmail.com
[Wed Mar 19 00:25:10 2025][1680375] To viduary.com@gmail.com
[Wed Mar 19 04:09:46 2025][1684760] To viduary.com@gmail.com
[Thu Mar 20 13:02:50 2025][1729931] To viduary.com@gmail.com
[Fri Mar 21 00:54:37 2025][1740924] To viduary.com@gmail.com
[Fri Mar 21 07:53:55 2025][1749653] To viduary.com@gmail.com
[Fri Mar 21 14:44:38 2025][1756146] To viduary.com@gmail.com
[Sat Mar 22 06:43:12 2025][1773592] To viduary.com@gmail.com
[Sun Mar 23 11:39:02 2025][1813153] To viduary.com@gmail.com
[Mon Mar 24 04:40:00 2025][1831430] To viduary.com@gmail.com
[Mon Mar 24 18:29:44 2025][1846684] To viduary.com@gmail.com
[Tue Mar 25 00:26:11 2025][1853150] To viduary.com@gmail.com
[Tue Mar 25 04:00:58 2025][1857550] To viduary.com@gmail.com
[Wed Mar 26 04:52:16 2025][1883548] To viduary.com@gmail.com
[Wed Mar 26 08:30:53 2025][1887947] To viduary.com@gmail.com
[Thu Mar 27 12:01:22 2025][1919446] To viduary.com@gmail.com
[Fri Mar 28 23:15:29 2025][1961593] To viduary.com@gmail.com
[Mon Mar 31 11:33:05 2025][2030768] To viduary.com@gmail.com
[Tue Apr  1 06:51:55 2025][2050330] To viduary.com@gmail.com
[Tue Apr  1 06:58:00 2025][2050330] To viduary.com@gmail.com
[Wed Apr  2 07:19:09 2025][2076314] To viduary.com@gmail.com
[Wed Apr  2 11:44:31 2025][2082833] To viduary.com@gmail.com
[Thu Apr  3 05:56:15 2025][2102425] To viduary.com@gmail.com
[Fri Apr  4 03:25:33 2025][2124035] To viduary.com@gmail.com
[Fri Apr  4 18:26:52 2025][2141483] To viduary.com@gmail.com
[Sat Apr  5 13:14:20 2025][2160990] To viduary.com@gmail.com
[Sat Apr  5 17:09:38 2025][2165310] To viduary.com@gmail.com
[Mon Apr  7 00:41:10 2025][2200570] To viduary.com@gmail.com
[Mon Apr  7 16:13:54 2025][2215787] To viduary.com@gmail.com
[Mon Apr  7 16:43:52 2025][2217888] To viduary.com@gmail.com
[Tue Apr  8 04:13:29 2025][2228741] To viduary.com@gmail.com
[Wed Apr  9 00:24:58 2025][2250259] To viduary.com@gmail.com
[Thu Apr 10 07:50:46 2025][2284941] To viduary.com@gmail.com
[Fri Apr 11 07:40:24 2025][2311012] To viduary.com@gmail.com
[Fri Apr 11 11:28:10 2025][2315313] To viduary.com@gmail.com
[Fri Apr 11 14:04:37 2025][2317443] To viduary.com@gmail.com
[Fri Apr 11 14:07:48 2025][2317443] To viduary.com@gmail.com
[Sat Apr 19 13:11:09 2025][2523385] To viduary.com@gmail.com
[Sat Apr 19 21:13:25 2025][2531995] To viduary.com@gmail.com
[Sat Apr 19 23:10:18 2025][2534141] To viduary.com@gmail.com
[Mon Apr 21 20:32:36 2025][2581775] To viduary.com@gmail.com
[Thu Apr 24 17:53:24 2025][2655490] To viduary.com@gmail.com
[Fri Apr 25 11:22:22 2025][2675516] To chatwithrasel@gmail.com
[Fri Apr 25 11:23:24 2025][2675516] To chatwithrasel@gmail.com
[Sat Apr 26 08:06:33 2025][2697769] To viduary.com@gmail.com
[Sat Apr 26 08:06:36 2025][2697769] [Sat Apr 26 08:06:36 2025] daemon_email.pl: Couldn't send mail: 550 This message was classified as rSPAM and may not be delivered https://mail.outboundspamprotection.com/mailinfo?id=19671224a6e0001ff1&user=mb76702
[Sat Apr 26 08:06:36 2025] daemon_email.pl:  at Modules/Session.pm line 1038.
[Sat Apr 26 20:40:46 2025][2712727] To viduary.com@gmail.com
[Sat Apr 26 20:40:48 2025][2712727] [Sat Apr 26 20:40:48 2025] daemon_email.pl: Couldn't send mail: 550 This message was classified as rSPAM and may not be delivered https://mail.outboundspamprotection.com/mailinfo?id=19673d4c99b0005fb4&user=mb76702
[Sat Apr 26 20:40:48 2025] daemon_email.pl:  at Modules/Session.pm line 1038.
[Wed Apr 30 14:43:37 2025][2808772] To viduary.com@gmail.com
[Wed Apr 30 14:43:39 2025][2808772] [Wed Apr 30 14:43:39 2025] daemon_email.pl: Couldn't send mail: 550 This message was classified as rSPAM and may not be delivered https://mail.outboundspamprotection.com/mailinfo?id=196872740fc000a461&user=mb76702
[Wed Apr 30 14:43:39 2025] daemon_email.pl:  at Modules/Session.pm line 1038.
[Thu May  1 01:13:05 2025][2821073] To viduary.com@gmail.com
[Thu May  1 01:13:07 2025][2821073] [Thu May  1 01:13:07 2025] daemon_email.pl: Couldn't send mail: 550 This message was classified as rSPAM and may not be delivered https://mail.outboundspamprotection.com/mailinfo?id=19689678d18000b1cb&user=mb76702
[Thu May  1 01:13:07 2025] daemon_email.pl:  at Modules/Session.pm line 1038.
[Fri May  2 14:11:20 2025][2861783] To viduary.com@gmail.com
[Fri May  2 14:11:23 2025][2861783] [Fri May  2 14:11:23 2025] daemon_email.pl: Couldn't send mail: 550 This message was classified as rSPAM and may not be delivered https://mail.outboundspamprotection.com/mailinfo?id=19691566ca90006c8b&user=mb76702
[Fri May  2 14:11:23 2025] daemon_email.pl:  at Modules/Session.pm line 1038.
[Fri May  2 14:12:01 2025][2862534] To viduary.com@gmail.com
[Fri May  2 14:12:03 2025][2862534] [Fri May  2 14:12:03 2025] daemon_email.pl: Couldn't send mail: 550 This message was classified as rSPAM and may not be delivered https://mail.outboundspamprotection.com/mailinfo?id=19691570ad50001932&user=mb76702
[Fri May  2 14:12:03 2025] daemon_email.pl:  at Modules/Session.pm line 1038.
[Fri May  2 15:28:16 2025][2862584] To viduary.com@gmail.com
[Fri May  2 15:28:18 2025][2862584] [Fri May  2 15:28:18 2025] daemon_email.pl: Couldn't send mail: 550 This message was classified as rSPAM and may not be delivered https://mail.outboundspamprotection.com/mailinfo?id=196919cd96a00097ed&user=mb76702
[Fri May  2 15:28:18 2025] daemon_email.pl:  at Modules/Session.pm line 1038.
[Fri May  2 15:29:01 2025][2863979] To viduary.com@gmail.com
[Fri May  2 15:29:03 2025][2863979] [Fri May  2 15:29:03 2025] daemon_email.pl: Couldn't send mail: 550 This message was classified as rSPAM and may not be delivered https://mail.outboundspamprotection.com/mailinfo?id=196919d88b80006c8b&user=mb76702
[Fri May  2 15:29:03 2025] daemon_email.pl:  at Modules/Session.pm line 1038.
[Fri May  2 15:30:01 2025][2864019] To viduary.com@gmail.com
[Fri May  2 15:30:03 2025][2864019] [Fri May  2 15:30:03 2025] daemon_email.pl: Couldn't send mail: 550 This message was classified as rSPAM and may not be delivered https://mail.outboundspamprotection.com/mailinfo?id=196919e72270008faf&user=mb76702
[Fri May  2 15:30:03 2025] daemon_email.pl:  at Modules/Session.pm line 1038.
[Sat May  3 09:44:10 2025][2883614] To viduary.com@gmail.com
[Sat May  3 09:44:13 2025][2883614] [Sat May  3 09:44:13 2025] daemon_email.pl: Couldn't send mail: 550 This message was classified as rSPAM and may not be delivered https://mail.outboundspamprotection.com/mailinfo?id=19695882f9500019d2&user=mb76702
[Sat May  3 09:44:13 2025] daemon_email.pl:  at Modules/Session.pm line 1038.
[Sat May  3 15:04:59 2025][2888031] To viduary.com@gmail.com
[Sat May  3 15:05:02 2025][2888031] [Sat May  3 15:05:02 2025] daemon_email.pl: Couldn't send mail: 550 This message was classified as rSPAM and may not be delivered https://mail.outboundspamprotection.com/mailinfo?id=19696ade52800053d7&user=mb76702
[Sat May  3 15:05:02 2025] daemon_email.pl:  at Modules/Session.pm line 1038.
[Fri May  9 04:01:26 2025][3031868] To viduary.com@gmail.com
[Fri May  9 04:01:29 2025][3031868] [Fri May  9 04:01:29 2025] daemon_email.pl: Couldn't send mail: 550 This message was classified as rSPAM and may not be delivered https://mail.outboundspamprotection.com/mailinfo?id=196b3348d5c000f1f3&user=mb76702
[Fri May  9 04:01:29 2025] daemon_email.pl:  at Modules/Session.pm line 1038.
[Fri May  9 10:09:36 2025][3040859] To viduary.com@gmail.com
[Fri May  9 10:09:38 2025][3040859] [Fri May  9 10:09:38 2025] daemon_email.pl: Couldn't send mail: 550 This message was classified as rSPAM and may not be delivered https://mail.outboundspamprotection.com/mailinfo?id=196b4859e3f0009c78&user=mb76702
[Fri May  9 10:09:38 2025] daemon_email.pl:  at Modules/Session.pm line 1038.
[Sun May 11 04:34:34 2025][3099718] To viduary.com@gmail.com
[Sun May 11 04:34:36 2025][3099718] [Sun May 11 04:34:36 2025] daemon_email.pl: Couldn't send mail: 550 This message was classified as rSPAM and may not be delivered https://mail.outboundspamprotection.com/mailinfo?id=196bd9f99990005dcc&user=mb76702
[Sun May 11 04:34:36 2025] daemon_email.pl:  at Modules/Session.pm line 1038.
[Sun May 11 04:40:36 2025][3099880] To viduary.com@gmail.com
[Sun May 11 04:40:39 2025][3099880] [Sun May 11 04:40:39 2025] daemon_email.pl: Couldn't send mail: 550 This message was classified as rSPAM and may not be delivered https://mail.outboundspamprotection.com/mailinfo?id=196bda5208d000b870&user=mb76702
[Sun May 11 04:40:39 2025] daemon_email.pl:  at Modules/Session.pm line 1038.
[Thu May 15 02:59:03 2025][3274465] To viduary.com@gmail.com
[Thu May 15 02:59:05 2025][3274465] [Thu May 15 02:59:05 2025] daemon_email.pl: Couldn't send mail: 550 This message was classified as rSPAM and may not be delivered https://mail.outboundspamprotection.com/mailinfo?id=196d1e197350003dff&user=mb76702
[Thu May 15 02:59:05 2025] daemon_email.pl:  at Modules/Session.pm line 1038.
[Thu May 15 13:46:39 2025][3296134] To viduary.com@gmail.com
[Thu May 15 13:46:41 2025][3296134] [Thu May 15 13:46:41 2025] daemon_email.pl: Couldn't send mail: 550 This message was classified as rSPAM and may not be delivered https://mail.outboundspamprotection.com/mailinfo?id=196d4327d840009059&user=mb76702
[Thu May 15 13:46:41 2025] daemon_email.pl:  at Modules/Session.pm line 1038.
[Sat May 17 06:57:11 2025][3373398] To viduary.com@gmail.com
[Sat May 17 06:57:14 2025][3373398] [Sat May 17 06:57:14 2025] daemon_email.pl: Couldn't send mail: 550 This message was classified as rSPAM and may not be delivered https://mail.outboundspamprotection.com/mailinfo?id=196dd08567d000b497&user=mb76702
[Sat May 17 06:57:14 2025] daemon_email.pl:  at Modules/Session.pm line 1038.
[Sat May 17 13:48:20 2025][3386274] To viduary.com@gmail.com
[Sat May 17 13:48:22 2025][3386274] [Sat May 17 13:48:22 2025] daemon_email.pl: Couldn't send mail: 550 This message was classified as rSPAM and may not be delivered https://mail.outboundspamprotection.com/mailinfo?id=196de80bec5000b497&user=mb76702
[Sat May 17 13:48:22 2025] daemon_email.pl:  at Modules/Session.pm line 1038.
[Sat May 17 17:26:00 2025][3391609] To viduary.com@gmail.com
[Sat May 17 17:26:02 2025][3391609] [Sat May 17 17:26:02 2025] daemon_email.pl: Couldn't send mail: 550 This message was classified as rSPAM and may not be delivered https://mail.outboundspamprotection.com/mailinfo?id=196df480842000adf4&user=mb76702
[Sat May 17 17:26:02 2025] daemon_email.pl:  at Modules/Session.pm line 1038.
[Mon May 19 21:05:51 2025][3489121] To viduary.com@gmail.com
[Mon May 19 21:05:53 2025][3489121] [Mon May 19 21:05:53 2025] daemon_email.pl: Couldn't send mail: 550 This message was classified as rSPAM and may not be delivered https://mail.outboundspamprotection.com/mailinfo?id=196ea5e0544000ce6a&user=mb76702
[Mon May 19 21:05:53 2025] daemon_email.pl:  at Modules/Session.pm line 1038.
[Mon May 19 22:52:18 2025][3491476] To viduary.com@gmail.com
[Mon May 19 22:52:21 2025][3491476] [Mon May 19 22:52:21 2025] daemon_email.pl: Couldn't send mail: 550 This message was classified as rSPAM and may not be delivered https://mail.outboundspamprotection.com/mailinfo?id=196eabf7f64000270a&user=mb76702
[Mon May 19 22:52:21 2025] daemon_email.pl:  at Modules/Session.pm line 1038.
[Tue May 20 18:42:03 2025][3529283] To viduary.com@gmail.com
[Tue May 20 18:42:06 2025][3529283] [Tue May 20 18:42:06 2025] daemon_email.pl: Couldn't send mail: 550 This message was classified as rSPAM and may not be delivered https://mail.outboundspamprotection.com/mailinfo?id=196ef00bc2c0004c2b&user=mb76702
[Tue May 20 18:42:06 2025] daemon_email.pl:  at Modules/Session.pm line 1038.
[Sat May 24 15:26:25 2025][3705158] To viduary.com@gmail.com
[Sat May 24 15:26:28 2025][3705158] [Sat May 24 15:26:28 2025] daemon_email.pl: Couldn't send mail: 550 This message was classified as rSPAM and may not be delivered https://mail.outboundspamprotection.com/mailinfo?id=19702e711ee0006025&user=mb76702
[Sat May 24 15:26:28 2025] daemon_email.pl:  at Modules/Session.pm line 1038.
[Sun May 25 04:34:50 2025][3731706] To viduary.com@gmail.com
[Sun May 25 04:34:52 2025][3731706] [Sun May 25 04:34:52 2025] daemon_email.pl: Couldn't send mail: 550 This message was classified as rSPAM and may not be delivered https://mail.outboundspamprotection.com/mailinfo?id=19705b8e0f4000bed7&user=mb76702
[Sun May 25 04:34:52 2025] daemon_email.pl:  at Modules/Session.pm line 1038.
[Tue May 27 05:41:15 2025][3824072] To viduary.com@gmail.com
[Tue May 27 05:41:16 2025][3824072] [Tue May 27 05:41:16 2025] daemon_email.pl: Auth failed: 535 Authentication failed using user mb76702
[Tue May 27 05:41:16 2025] daemon_email.pl:  at Modules/Session.pm line 1026.
[Wed May 28 05:40:09 2025][3867259] To viduary.com@gmail.com
[Wed May 28 05:40:10 2025][3867259] [Wed May 28 05:40:10 2025] daemon_email.pl: Auth failed: 535 Authentication failed using user mb76702
[Wed May 28 05:40:10 2025] daemon_email.pl:  at Modules/Session.pm line 1026.
[Sat May 31 02:41:57 2025][3999511] To viduary.com@gmail.com
[Sat May 31 02:41:58 2025][3999511] [Sat May 31 02:41:58 2025] daemon_email.pl: Auth failed: 535 Authentication failed using user mb76702
[Sat May 31 02:41:58 2025] daemon_email.pl:  at Modules/Session.pm line 1026.
[Sat May 31 02:45:53 2025][4000355] To viduary.com@gmail.com
[Sat May 31 02:45:54 2025][4000355] [Sat May 31 02:45:54 2025] daemon_email.pl: Auth failed: 535 Authentication failed using user mb76702
[Sat May 31 02:45:54 2025] daemon_email.pl:  at Modules/Session.pm line 1026.
[Sat May 31 08:40:21 2025][4008095] To viduary.com@gmail.com
[Sat May 31 08:40:22 2025][4008095] [Sat May 31 08:40:22 2025] daemon_email.pl: Auth failed: 535 Authentication failed using user mb76702
[Sat May 31 08:40:22 2025] daemon_email.pl:  at Modules/Session.pm line 1026.
[Sat May 31 13:53:08 2025][4019316] To viduary.com@gmail.com
[Sat May 31 13:53:09 2025][4019316] [Sat May 31 13:53:09 2025] daemon_email.pl: Auth failed: 535 Authentication failed using user mb76702
[Sat May 31 13:53:09 2025] daemon_email.pl:  at Modules/Session.pm line 1026.
[Sun Jun  1 02:16:13 2025][4044253] To viduary.com@gmail.com
[Sun Jun  1 02:16:14 2025][4044253] [Sun Jun  1 02:16:14 2025] daemon_email.pl: Auth failed: 535 Authentication failed using user mb76702
[Sun Jun  1 02:16:14 2025] daemon_email.pl:  at Modules/Session.pm line 1026.
[Mon Jun  2 08:13:29 2025][4098505] To viduary.com@gmail.com
[Mon Jun  2 08:13:30 2025][4098505] [Mon Jun  2 08:13:30 2025] daemon_email.pl: Auth failed: 535 Authentication failed using user mb76702
[Mon Jun  2 08:13:30 2025] daemon_email.pl:  at Modules/Session.pm line 1026.
[Tue Jun  3 05:48:10 2025][4140068] To viduary.com@gmail.com
[Tue Jun  3 05:48:11 2025][4140068] [Tue Jun  3 05:48:11 2025] daemon_email.pl: Auth failed: 535 Authentication failed using user mb76702
[Tue Jun  3 05:48:11 2025] daemon_email.pl:  at Modules/Session.pm line 1026.
[Tue Jun  3 06:10:55 2025][4142661] To viduary.com@gmail.com
[Tue Jun  3 06:10:57 2025][4142661] [Tue Jun  3 06:10:57 2025] daemon_email.pl: Auth failed: 535 Authentication failed using user mb76702
[Tue Jun  3 06:10:57 2025] daemon_email.pl:  at Modules/Session.pm line 1026.
[Thu Jun  5 01:36:45 2025][29181] To viduary.com@gmail.com
[Thu Jun  5 01:36:47 2025][29181] [Thu Jun  5 01:36:47 2025] daemon_email.pl: Auth failed: 535 Authentication failed using user mb76702
[Thu Jun  5 01:36:47 2025] daemon_email.pl:  at Modules/Session.pm line 1026.
[Fri Jun  6 19:27:26 2025][107369] To viduary.com@gmail.com
[Fri Jun  6 19:27:28 2025][107369] [Fri Jun  6 19:27:28 2025] daemon_email.pl: Auth failed: 535 Authentication failed using user mb76702
[Fri Jun  6 19:27:28 2025] daemon_email.pl:  at Modules/Session.pm line 1026.
[Sat Jun  7 17:46:41 2025][151944] To viduary.com@gmail.com
[Sat Jun  7 17:46:42 2025][151944] [Sat Jun  7 17:46:42 2025] daemon_email.pl: Auth failed: 535 Authentication failed using user mb76702
[Sat Jun  7 17:46:42 2025] daemon_email.pl:  at Modules/Session.pm line 1026.
[Sun Jun  8 00:43:54 2025][163504] To viduary.com@gmail.com
[Sun Jun  8 00:43:55 2025][163504] [Sun Jun  8 00:43:55 2025] daemon_email.pl: Auth failed: 535 Authentication failed using user mb76702
[Sun Jun  8 00:43:55 2025] daemon_email.pl:  at Modules/Session.pm line 1026.
[Sun Jun  8 04:32:48 2025][169123] To viduary.com@gmail.com
[Sun Jun  8 04:32:51 2025][169123] [Sun Jun  8 04:32:51 2025] daemon_email.pl: Auth failed: 535 Authentication failed using user mb76702
[Sun Jun  8 04:32:51 2025] daemon_email.pl:  at Modules/Session.pm line 1026.
[Sun Jun  8 12:56:55 2025][187910] To viduary.com@gmail.com
[Sun Jun  8 12:56:56 2025][187910] [Sun Jun  8 12:56:56 2025] daemon_email.pl: Auth failed: 535 Authentication failed using user mb76702
[Sun Jun  8 12:56:56 2025] daemon_email.pl:  at Modules/Session.pm line 1026.
[Sun Jun  8 14:48:21 2025][188517] To viduary.com@gmail.com
[Sun Jun  8 14:48:23 2025][188517] [Sun Jun  8 14:48:23 2025] daemon_email.pl: Auth failed: 535 Authentication failed using user mb76702
[Sun Jun  8 14:48:23 2025] daemon_email.pl:  at Modules/Session.pm line 1026.
[Thu Jun 12 13:42:40 2025][372120] To viduary.com@gmail.com
[Thu Jun 12 13:42:41 2025][372120] [Thu Jun 12 13:42:41 2025] daemon_email.pl: Auth failed: 535 Authentication failed using user mb76702
[Thu Jun 12 13:42:41 2025] daemon_email.pl:  at Modules/Session.pm line 1026.
[Fri Jun 13 08:21:22 2025][406601] To viduary.com@gmail.com
[Fri Jun 13 08:21:23 2025][406601] [Fri Jun 13 08:21:23 2025] daemon_email.pl: Auth failed: 535 Authentication failed using user mb76702
[Fri Jun 13 08:21:23 2025] daemon_email.pl:  at Modules/Session.pm line 1026.
[Sun Jun 15 10:28:21 2025][172150] To
[Sun Jun 15 12:38:58 2025][182366] To
[Sun Jun 15 17:29:17 2025][214334] To
